{"D:\\source\\Globant\\src\\Tabs\\HomeTab\\HomeTab.style.ts": {"path":"D:\\source\\Globant\\src\\Tabs\\HomeTab\\HomeTab.style.ts","statementMap":{"0":{"start":{"line":3,"column":22},"end":{"line":8,"column":2}}},"fnMap":{},"branchMap":{},"s":{"0":1},"f":{},"b":{},"_coverageSchema":"1a1c01bbd47fc00a2c39e90264f33305004495a9","hash":"61df79e0bfd4d07aab71f35747c125713ab0360b"}
,"D:\\source\\Globant\\src\\Tabs\\HomeTab\\HomeTab.tsx": {"path":"D:\\source\\Globant\\src\\Tabs\\HomeTab\\HomeTab.tsx","statementMap":{"0":{"start":{"line":29,"column":23},"end":{"line":195,"column":1}},"1":{"start":{"line":30,"column":36},"end":{"line":32,"column":5}},"2":{"start":{"line":33,"column":38},"end":{"line":35,"column":3}},"3":{"start":{"line":36,"column":34},"end":{"line":36,"column":46}},"4":{"start":{"line":38,"column":36},"end":{"line":38,"column":67}},"5":{"start":{"line":39,"column":38},"end":{"line":39,"column":49}},"6":{"start":{"line":41,"column":42},"end":{"line":43,"column":3}},"7":{"start":{"line":46,"column":30},"end":{"line":46,"column":59}},"8":{"start":{"line":47,"column":30},"end":{"line":47,"column":59}},"9":{"start":{"line":53,"column":24},"end":{"line":79,"column":3}},"10":{"start":{"line":55,"column":6},"end":{"line":76,"column":7}},"11":{"start":{"line":56,"column":8},"end":{"line":56,"column":50}},"12":{"start":{"line":57,"column":25},"end":{"line":57,"column":66}},"13":{"start":{"line":58,"column":8},"end":{"line":58,"column":30}},"14":{"start":{"line":59,"column":32},"end":{"line":59,"column":56}},"15":{"start":{"line":60,"column":8},"end":{"line":60,"column":38}},"16":{"start":{"line":61,"column":8},"end":{"line":72,"column":10}},"17":{"start":{"line":73,"column":8},"end":{"line":73,"column":49}},"18":{"start":{"line":75,"column":8},"end":{"line":75,"column":62}},"19":{"start":{"line":85,"column":24},"end":{"line":121,"column":3}},"20":{"start":{"line":87,"column":6},"end":{"line":118,"column":7}},"21":{"start":{"line":88,"column":8},"end":{"line":88,"column":50}},"22":{"start":{"line":89,"column":25},"end":{"line":89,"column":66}},"23":{"start":{"line":90,"column":22},"end":{"line":90,"column":63}},"24":{"start":{"line":91,"column":8},"end":{"line":95,"column":9}},"25":{"start":{"line":92,"column":10},"end":{"line":92,"column":41}},"26":{"start":{"line":93,"column":10},"end":{"line":93,"column":57}},"27":{"start":{"line":94,"column":10},"end":{"line":94,"column":17}},"28":{"start":{"line":97,"column":22},"end":{"line":100,"column":53}},"29":{"start":{"line":99,"column":23},"end":{"line":99,"column":49}},"30":{"start":{"line":100,"column":32},"end":{"line":100,"column":49}},"31":{"start":{"line":102,"column":8},"end":{"line":102,"column":29}},"32":{"start":{"line":104,"column":8},"end":{"line":114,"column":10}},"33":{"start":{"line":115,"column":8},"end":{"line":115,"column":49}},"34":{"start":{"line":117,"column":8},"end":{"line":117,"column":62}},"35":{"start":{"line":126,"column":2},"end":{"line":147,"column":48}},"36":{"start":{"line":127,"column":4},"end":{"line":129,"column":5}},"37":{"start":{"line":128,"column":6},"end":{"line":128,"column":13}},"38":{"start":{"line":131,"column":4},"end":{"line":131,"column":43}},"39":{"start":{"line":134,"column":6},"end":{"line":134,"column":72}},"40":{"start":{"line":136,"column":4},"end":{"line":139,"column":5}},"41":{"start":{"line":137,"column":6},"end":{"line":137,"column":28}},"42":{"start":{"line":138,"column":6},"end":{"line":138,"column":38}},"43":{"start":{"line":141,"column":4},"end":{"line":144,"column":5}},"44":{"start":{"line":142,"column":6},"end":{"line":142,"column":28}},"45":{"start":{"line":143,"column":6},"end":{"line":143,"column":38}},"46":{"start":{"line":146,"column":4},"end":{"line":146,"column":23}},"47":{"start":{"line":152,"column":21},"end":{"line":161,"column":8}},"48":{"start":{"line":153,"column":4},"end":{"line":160,"column":5}},"49":{"start":{"line":154,"column":6},"end":{"line":154,"column":45}},"50":{"start":{"line":155,"column":27},"end":{"line":155,"column":72}},"51":{"start":{"line":156,"column":6},"end":{"line":156,"column":33}},"52":{"start":{"line":157,"column":6},"end":{"line":157,"column":42}},"53":{"start":{"line":159,"column":6},"end":{"line":159,"column":46}},"54":{"start":{"line":166,"column":2},"end":{"line":194,"column":4}}},"fnMap":{"0":{"name":"(anonymous_0)","decl":{"start":{"line":29,"column":23},"end":{"line":29,"column":24}},"loc":{"start":{"line":29,"column":29},"end":{"line":195,"column":1}},"line":29},"1":{"name":"(anonymous_1)","decl":{"start":{"line":54,"column":4},"end":{"line":54,"column":5}},"loc":{"start":{"line":54,"column":28},"end":{"line":77,"column":5}},"line":54},"2":{"name":"(anonymous_2)","decl":{"start":{"line":86,"column":4},"end":{"line":86,"column":5}},"loc":{"start":{"line":86,"column":28},"end":{"line":119,"column":5}},"line":86},"3":{"name":"(anonymous_3)","decl":{"start":{"line":99,"column":18},"end":{"line":99,"column":19}},"loc":{"start":{"line":99,"column":23},"end":{"line":99,"column":49}},"line":99},"4":{"name":"(anonymous_4)","decl":{"start":{"line":100,"column":18},"end":{"line":100,"column":19}},"loc":{"start":{"line":100,"column":32},"end":{"line":100,"column":49}},"line":100},"5":{"name":"(anonymous_5)","decl":{"start":{"line":126,"column":12},"end":{"line":126,"column":13}},"loc":{"start":{"line":126,"column":18},"end":{"line":147,"column":3}},"line":126},"6":{"name":"(anonymous_6)","decl":{"start":{"line":152,"column":33},"end":{"line":152,"column":34}},"loc":{"start":{"line":152,"column":45},"end":{"line":161,"column":3}},"line":152}},"branchMap":{"0":{"loc":{"start":{"line":63,"column":26},"end":{"line":63,"column":55}},"type":"binary-expr","locations":[{"start":{"line":63,"column":26},"end":{"line":63,"column":32}},{"start":{"line":63,"column":36},"end":{"line":63,"column":55}}],"line":63},"1":{"loc":{"start":{"line":67,"column":20},"end":{"line":67,"column":47}},"type":"binary-expr","locations":[{"start":{"line":67,"column":20},"end":{"line":67,"column":41}},{"start":{"line":67,"column":45},"end":{"line":67,"column":47}}],"line":67},"2":{"loc":{"start":{"line":91,"column":8},"end":{"line":95,"column":9}},"type":"if","locations":[{"start":{"line":91,"column":8},"end":{"line":95,"column":9}},{"start":{},"end":{}}],"line":91},"3":{"loc":{"start":{"line":106,"column":26},"end":{"line":106,"column":55}},"type":"binary-expr","locations":[{"start":{"line":106,"column":26},"end":{"line":106,"column":32}},{"start":{"line":106,"column":36},"end":{"line":106,"column":55}}],"line":106},"4":{"loc":{"start":{"line":110,"column":20},"end":{"line":110,"column":47}},"type":"binary-expr","locations":[{"start":{"line":110,"column":20},"end":{"line":110,"column":41}},{"start":{"line":110,"column":45},"end":{"line":110,"column":47}}],"line":110},"5":{"loc":{"start":{"line":127,"column":4},"end":{"line":129,"column":5}},"type":"if","locations":[{"start":{"line":127,"column":4},"end":{"line":129,"column":5}},{"start":{},"end":{}}],"line":127},"6":{"loc":{"start":{"line":127,"column":8},"end":{"line":127,"column":44}},"type":"binary-expr","locations":[{"start":{"line":127,"column":8},"end":{"line":127,"column":18}},{"start":{"line":127,"column":22},"end":{"line":127,"column":44}}],"line":127},"7":{"loc":{"start":{"line":136,"column":4},"end":{"line":139,"column":5}},"type":"if","locations":[{"start":{"line":136,"column":4},"end":{"line":139,"column":5}},{"start":{},"end":{}}],"line":136},"8":{"loc":{"start":{"line":141,"column":4},"end":{"line":144,"column":5}},"type":"if","locations":[{"start":{"line":141,"column":4},"end":{"line":144,"column":5}},{"start":{},"end":{}}],"line":141},"9":{"loc":{"start":{"line":170,"column":9},"end":{"line":188,"column":9}},"type":"binary-expr","locations":[{"start":{"line":170,"column":9},"end":{"line":170,"column":39}},{"start":{"line":171,"column":10},"end":{"line":187,"column":13}}],"line":170},"10":{"loc":{"start":{"line":172,"column":13},"end":{"line":180,"column":13}},"type":"binary-expr","locations":[{"start":{"line":172,"column":13},"end":{"line":172,"column":44}},{"start":{"line":173,"column":14},"end":{"line":179,"column":16}}],"line":172},"11":{"loc":{"start":{"line":181,"column":13},"end":{"line":186,"column":13}},"type":"binary-expr","locations":[{"start":{"line":181,"column":13},"end":{"line":181,"column":44}},{"start":{"line":182,"column":14},"end":{"line":185,"column":21}}],"line":181}},"s":{"0":1,"1":4,"2":4,"3":4,"4":4,"5":4,"6":4,"7":4,"8":4,"9":4,"10":0,"11":0,"12":0,"13":0,"14":0,"15":0,"16":0,"17":0,"18":0,"19":4,"20":0,"21":0,"22":0,"23":0,"24":0,"25":0,"26":0,"27":0,"28":0,"29":0,"30":0,"31":0,"32":0,"33":0,"34":0,"35":4,"36":3,"37":3,"38":0,"39":0,"40":0,"41":0,"42":0,"43":0,"44":0,"45":0,"46":0,"47":4,"48":1,"49":1,"50":1,"51":1,"52":1,"53":0,"54":4},"f":{"0":4,"1":0,"2":0,"3":0,"4":0,"5":3,"6":1},"b":{"0":[0,0],"1":[0,0],"2":[0,0],"3":[0,0],"4":[0,0],"5":[3,0],"6":[3,0],"7":[0,0],"8":[0,0],"9":[4,0],"10":[0,0],"11":[0,0]},"_coverageSchema":"1a1c01bbd47fc00a2c39e90264f33305004495a9","hash":"7ed11f258749357dc7699adf297a662462e9ac6b"}
,"D:\\source\\Globant\\src\\Tabs\\ImagesTab\\ImagesTab.style.ts": {"path":"D:\\source\\Globant\\src\\Tabs\\ImagesTab\\ImagesTab.style.ts","statementMap":{"0":{"start":{"line":3,"column":22},"end":{"line":5,"column":2}}},"fnMap":{},"branchMap":{},"s":{"0":1},"f":{},"b":{},"_coverageSchema":"1a1c01bbd47fc00a2c39e90264f33305004495a9","hash":"16959065a7227e6129e1dfa5fb1f52395be250d4"}
,"D:\\source\\Globant\\src\\Tabs\\ImagesTab\\ImagesTab.tsx": {"path":"D:\\source\\Globant\\src\\Tabs\\ImagesTab\\ImagesTab.tsx","statementMap":{"0":{"start":{"line":9,"column":25},"end":{"line":25,"column":1}},"1":{"start":{"line":10,"column":30},"end":{"line":10,"column":59}},"2":{"start":{"line":11,"column":23},"end":{"line":11,"column":64}},"3":{"start":{"line":13,"column":28},"end":{"line":15,"column":17}},"4":{"start":{"line":14,"column":4},"end":{"line":14,"column":35}},"5":{"start":{"line":17,"column":2},"end":{"line":24,"column":4}}},"fnMap":{"0":{"name":"(anonymous_0)","decl":{"start":{"line":9,"column":25},"end":{"line":9,"column":26}},"loc":{"start":{"line":9,"column":31},"end":{"line":25,"column":1}},"line":9},"1":{"name":"(anonymous_1)","decl":{"start":{"line":13,"column":40},"end":{"line":13,"column":41}},"loc":{"start":{"line":13,"column":46},"end":{"line":15,"column":3}},"line":13}},"branchMap":{"0":{"loc":{"start":{"line":11,"column":34},"end":{"line":11,"column":63}},"type":"binary-expr","locations":[{"start":{"line":11,"column":34},"end":{"line":11,"column":40}},{"start":{"line":11,"column":44},"end":{"line":11,"column":63}}],"line":11}},"s":{"0":1,"1":2,"2":2,"3":2,"4":0,"5":2},"f":{"0":2,"1":0},"b":{"0":[2,2]},"_coverageSchema":"1a1c01bbd47fc00a2c39e90264f33305004495a9","hash":"bef5b7e2beb27574b0c49cb29f390a1fb1f00055"}
,"D:\\source\\Globant\\src\\Tabs\\SheetsTab\\SheetsTab.tsx": {"path":"D:\\source\\Globant\\src\\Tabs\\SheetsTab\\SheetsTab.tsx","statementMap":{"0":{"start":{"line":8,"column":25},"end":{"line":22,"column":1}},"1":{"start":{"line":9,"column":30},"end":{"line":9,"column":59}},"2":{"start":{"line":10,"column":23},"end":{"line":10,"column":64}},"3":{"start":{"line":12,"column":28},"end":{"line":14,"column":17}},"4":{"start":{"line":13,"column":4},"end":{"line":13,"column":35}},"5":{"start":{"line":16,"column":2},"end":{"line":21,"column":4}}},"fnMap":{"0":{"name":"(anonymous_0)","decl":{"start":{"line":8,"column":25},"end":{"line":8,"column":26}},"loc":{"start":{"line":8,"column":31},"end":{"line":22,"column":1}},"line":8},"1":{"name":"(anonymous_1)","decl":{"start":{"line":12,"column":40},"end":{"line":12,"column":41}},"loc":{"start":{"line":12,"column":46},"end":{"line":14,"column":3}},"line":12}},"branchMap":{"0":{"loc":{"start":{"line":10,"column":34},"end":{"line":10,"column":63}},"type":"binary-expr","locations":[{"start":{"line":10,"column":34},"end":{"line":10,"column":40}},{"start":{"line":10,"column":44},"end":{"line":10,"column":63}}],"line":10}},"s":{"0":1,"1":2,"2":2,"3":2,"4":0,"5":2},"f":{"0":2,"1":0},"b":{"0":[2,2]},"_coverageSchema":"1a1c01bbd47fc00a2c39e90264f33305004495a9","hash":"07bd7e5dce18820aa0f8736f914ebb7a5cceeaf0"}
,"D:\\source\\Globant\\src\\components\\Gallery\\Gallery.style.ts": {"path":"D:\\source\\Globant\\src\\components\\Gallery\\Gallery.style.ts","statementMap":{"0":{"start":{"line":3,"column":22},"end":{"line":5,"column":2}}},"fnMap":{},"branchMap":{},"s":{"0":2},"f":{},"b":{},"_coverageSchema":"1a1c01bbd47fc00a2c39e90264f33305004495a9","hash":"de88377c37528f0cf88908804acf22c4ede13231"}
,"D:\\source\\Globant\\src\\components\\Gallery\\Gallery.tsx": {"path":"D:\\source\\Globant\\src\\components\\Gallery\\Gallery.tsx","statementMap":{"0":{"start":{"line":10,"column":23},"end":{"line":29,"column":1}},"1":{"start":{"line":11,"column":2},"end":{"line":28,"column":4}},"2":{"start":{"line":14,"column":44},"end":{"line":14,"column":62}},"3":{"start":{"line":16,"column":8},"end":{"line":25,"column":15}}},"fnMap":{"0":{"name":"(anonymous_0)","decl":{"start":{"line":10,"column":23},"end":{"line":10,"column":24}},"loc":{"start":{"line":10,"column":51},"end":{"line":29,"column":1}},"line":10},"1":{"name":"(anonymous_1)","decl":{"start":{"line":14,"column":20},"end":{"line":14,"column":21}},"loc":{"start":{"line":14,"column":44},"end":{"line":14,"column":62}},"line":14},"2":{"name":"(anonymous_2)","decl":{"start":{"line":15,"column":18},"end":{"line":15,"column":19}},"loc":{"start":{"line":16,"column":8},"end":{"line":25,"column":15}},"line":16}},"branchMap":{},"s":{"0":2,"1":4,"2":2,"3":2},"f":{"0":4,"1":2,"2":2},"b":{},"_coverageSchema":"1a1c01bbd47fc00a2c39e90264f33305004495a9","hash":"0e2e3d22433c03690a87eb4ebca59532bcef0ca1"}
,"D:\\source\\Globant\\src\\components\\Layer\\Layer.style.ts": {"path":"D:\\source\\Globant\\src\\components\\Layer\\Layer.style.ts","statementMap":{"0":{"start":{"line":3,"column":22},"end":{"line":14,"column":2}}},"fnMap":{},"branchMap":{},"s":{"0":4},"f":{},"b":{},"_coverageSchema":"1a1c01bbd47fc00a2c39e90264f33305004495a9","hash":"f97e32ceea615785b84a5c9d5555db416f71a9cf"}
,"D:\\source\\Globant\\src\\components\\Layer\\Layer.tsx": {"path":"D:\\source\\Globant\\src\\components\\Layer\\Layer.tsx","statementMap":{"0":{"start":{"line":19,"column":21},"end":{"line":31,"column":1}},"1":{"start":{"line":20,"column":2},"end":{"line":30,"column":4}}},"fnMap":{"0":{"name":"(anonymous_0)","decl":{"start":{"line":19,"column":21},"end":{"line":19,"column":22}},"loc":{"start":{"line":19,"column":56},"end":{"line":31,"column":1}},"line":19}},"branchMap":{},"s":{"0":4,"1":10},"f":{"0":10},"b":{},"_coverageSchema":"1a1c01bbd47fc00a2c39e90264f33305004495a9","hash":"239940dfc33649d78ee0b6c2829b6ff9fa069f1f"}
,"D:\\source\\Globant\\src\\components\\SheetGrid\\SheetGrid.style.ts": {"path":"D:\\source\\Globant\\src\\components\\SheetGrid\\SheetGrid.style.ts","statementMap":{"0":{"start":{"line":3,"column":22},"end":{"line":16,"column":2}}},"fnMap":{},"branchMap":{},"s":{"0":2},"f":{},"b":{},"_coverageSchema":"1a1c01bbd47fc00a2c39e90264f33305004495a9","hash":"c243be3775d90f2c789b479fa0c641ab34e4b771"}
,"D:\\source\\Globant\\src\\components\\SheetGrid\\SheetGrid.tsx": {"path":"D:\\source\\Globant\\src\\components\\SheetGrid\\SheetGrid.tsx","statementMap":{"0":{"start":{"line":10,"column":25},"end":{"line":29,"column":1}},"1":{"start":{"line":11,"column":2},"end":{"line":28,"column":4}},"2":{"start":{"line":19,"column":46},"end":{"line":19,"column":64}},"3":{"start":{"line":21,"column":10},"end":{"line":24,"column":17}}},"fnMap":{"0":{"name":"(anonymous_0)","decl":{"start":{"line":10,"column":25},"end":{"line":10,"column":26}},"loc":{"start":{"line":10,"column":55},"end":{"line":29,"column":1}},"line":10},"1":{"name":"(anonymous_1)","decl":{"start":{"line":19,"column":22},"end":{"line":19,"column":23}},"loc":{"start":{"line":19,"column":46},"end":{"line":19,"column":64}},"line":19},"2":{"name":"(anonymous_2)","decl":{"start":{"line":20,"column":20},"end":{"line":20,"column":21}},"loc":{"start":{"line":21,"column":10},"end":{"line":24,"column":17}},"line":21}},"branchMap":{},"s":{"0":2,"1":4,"2":2,"3":2},"f":{"0":4,"1":2,"2":2},"b":{},"_coverageSchema":"1a1c01bbd47fc00a2c39e90264f33305004495a9","hash":"cc7a0ef6e75e022df44d9204e37ef4043d5ba360"}
,"D:\\source\\Globant\\src\\consts\\keyboard.ts": {"path":"D:\\source\\Globant\\src\\consts\\keyboard.ts","statementMap":{"0":{"start":{"line":4,"column":28},"end":{"line":4,"column":37}}},"fnMap":{},"branchMap":{},"s":{"0":4},"f":{},"b":{},"_coverageSchema":"1a1c01bbd47fc00a2c39e90264f33305004495a9","hash":"3d7b1a200cf8381e639123021ecef72c106fd70e"}
,"D:\\source\\Globant\\src\\consts\\platforms.ts": {"path":"D:\\source\\Globant\\src\\consts\\platforms.ts","statementMap":{"0":{"start":{"line":4,"column":19},"end":{"line":4,"column":24}},"1":{"start":{"line":5,"column":23},"end":{"line":5,"column":32}}},"fnMap":{},"branchMap":{},"s":{"0":4,"1":4},"f":{},"b":{},"_coverageSchema":"1a1c01bbd47fc00a2c39e90264f33305004495a9","hash":"b3906c4d7a9474089a2619d6742f80501aa7c81a"}
,"D:\\source\\Globant\\src\\consts\\storage.ts": {"path":"D:\\source\\Globant\\src\\consts\\storage.ts","statementMap":{"0":{"start":{"line":4,"column":26},"end":{"line":8,"column":10}},"1":{"start":{"line":18,"column":30},"end":{"line":18,"column":46}},"2":{"start":{"line":27,"column":30},"end":{"line":27,"column":46}},"3":{"start":{"line":29,"column":31},"end":{"line":29,"column":71}},"4":{"start":{"line":30,"column":31},"end":{"line":30,"column":74}},"5":{"start":{"line":32,"column":71},"end":{"line":36,"column":1}},"6":{"start":{"line":38,"column":27},"end":{"line":38,"column":37}},"7":{"start":{"line":39,"column":33},"end":{"line":39,"column":41}},"8":{"start":{"line":41,"column":35},"end":{"line":41,"column":39}},"9":{"start":{"line":43,"column":30},"end":{"line":43,"column":38}},"10":{"start":{"line":44,"column":30},"end":{"line":44,"column":36}},"11":{"start":{"line":46,"column":28},"end":{"line":46,"column":35}},"12":{"start":{"line":48,"column":28},"end":{"line":48,"column":52}}},"fnMap":{},"branchMap":{},"s":{"0":3,"1":3,"2":3,"3":3,"4":3,"5":3,"6":3,"7":3,"8":3,"9":3,"10":3,"11":3,"12":3},"f":{},"b":{},"_coverageSchema":"1a1c01bbd47fc00a2c39e90264f33305004495a9","hash":"5371ce097a76d4a4aea6bbf58b2d170349fbe3c3"}
,"D:\\source\\Globant\\src\\utils\\csvDelimiter.ts": {"path":"D:\\source\\Globant\\src\\utils\\csvDelimiter.ts","statementMap":{"0":{"start":{"line":1,"column":31},"end":{"line":11,"column":1}},"1":{"start":{"line":2,"column":21},"end":{"line":2,"column":41}},"2":{"start":{"line":4,"column":2},"end":{"line":8,"column":3}},"3":{"start":{"line":5,"column":4},"end":{"line":7,"column":5}},"4":{"start":{"line":6,"column":6},"end":{"line":6,"column":23}},"5":{"start":{"line":10,"column":2},"end":{"line":10,"column":16}}},"fnMap":{"0":{"name":"(anonymous_0)","decl":{"start":{"line":1,"column":31},"end":{"line":1,"column":32}},"loc":{"start":{"line":1,"column":60},"end":{"line":11,"column":1}},"line":1}},"branchMap":{"0":{"loc":{"start":{"line":5,"column":4},"end":{"line":7,"column":5}},"type":"if","locations":[{"start":{"line":5,"column":4},"end":{"line":7,"column":5}},{"start":{},"end":{}}],"line":5}},"s":{"0":2,"1":5,"2":5,"3":10,"4":4,"5":1},"f":{"0":5},"b":{"0":[4,6]},"_coverageSchema":"1a1c01bbd47fc00a2c39e90264f33305004495a9","hash":"4abbcdc3d098d4f38fbd14daad83e43ed3cfabe8"}
,"D:\\source\\Globant\\src\\utils\\imageSize.ts": {"path":"D:\\source\\Globant\\src\\utils\\imageSize.ts","statementMap":{"0":{"start":{"line":3,"column":17},"end":{"line":3,"column":19}},"1":{"start":{"line":5,"column":28},"end":{"line":23,"column":1}},"2":{"start":{"line":6,"column":2},"end":{"line":22,"column":5}},"3":{"start":{"line":7,"column":4},"end":{"line":21,"column":6}},"4":{"start":{"line":10,"column":18},"end":{"line":10,"column":65}},"5":{"start":{"line":11,"column":22},"end":{"line":11,"column":35}},"6":{"start":{"line":12,"column":8},"end":{"line":15,"column":11}},"7":{"start":{"line":18,"column":8},"end":{"line":18,"column":25}},"8":{"start":{"line":19,"column":8},"end":{"line":19,"column":38}}},"fnMap":{"0":{"name":"(anonymous_0)","decl":{"start":{"line":5,"column":28},"end":{"line":5,"column":29}},"loc":{"start":{"line":5,"column":46},"end":{"line":23,"column":1}},"line":5},"1":{"name":"(anonymous_1)","decl":{"start":{"line":6,"column":54},"end":{"line":6,"column":55}},"loc":{"start":{"line":6,"column":75},"end":{"line":22,"column":3}},"line":6},"2":{"name":"(anonymous_2)","decl":{"start":{"line":9,"column":6},"end":{"line":9,"column":7}},"loc":{"start":{"line":9,"column":16},"end":{"line":16,"column":7}},"line":9},"3":{"name":"(anonymous_3)","decl":{"start":{"line":17,"column":6},"end":{"line":17,"column":7}},"loc":{"start":{"line":17,"column":13},"end":{"line":20,"column":7}},"line":17}},"branchMap":{"0":{"loc":{"start":{"line":11,"column":22},"end":{"line":11,"column":35}},"type":"cond-expr","locations":[{"start":{"line":11,"column":30},"end":{"line":11,"column":31}},{"start":{"line":11,"column":34},"end":{"line":11,"column":35}}],"line":11}},"s":{"0":2,"1":2,"2":1,"3":1,"4":1,"5":1,"6":1,"7":0,"8":0},"f":{"0":1,"1":1,"2":1,"3":0},"b":{"0":[0,1]},"_coverageSchema":"1a1c01bbd47fc00a2c39e90264f33305004495a9","hash":"0cf38fc2f0e2e682d46a291c01502d77129efe1e"}
}
