{"D:\\source\\Globant\\src\\components\\Layer\\Layer.style.tsx": {"path":"D:\\source\\Globant\\src\\components\\Layer\\Layer.style.tsx","statementMap":{"0":{"start":{"line":3,"column":22},"end":{"line":13,"column":2}}},"fnMap":{},"branchMap":{},"s":{"0":1},"f":{},"b":{},"_coverageSchema":"1a1c01bbd47fc00a2c39e90264f33305004495a9","hash":"46145cd8e0f596f2689b14b511668d9474ac3e43"}
,"D:\\source\\Globant\\src\\components\\Layer\\Layer.tsx": {"path":"D:\\source\\Globant\\src\\components\\Layer\\Layer.tsx","statementMap":{"0":{"start":{"line":9,"column":21},"end":{"line":21,"column":1}},"1":{"start":{"line":10,"column":2},"end":{"line":20,"column":4}}},"fnMap":{"0":{"name":"(anonymous_0)","decl":{"start":{"line":9,"column":21},"end":{"line":9,"column":22}},"loc":{"start":{"line":9,"column":56},"end":{"line":21,"column":1}},"line":9}},"branchMap":{},"s":{"0":1,"1":1},"f":{"0":1},"b":{},"_coverageSchema":"1a1c01bbd47fc00a2c39e90264f33305004495a9","hash":"57ce8a73f500c9e9cb927fb899acb8756e1434ff"}
,"D:\\source\\Globant\\src\\consts\\keyboard.ts": {"path":"D:\\source\\Globant\\src\\consts\\keyboard.ts","statementMap":{"0":{"start":{"line":4,"column":28},"end":{"line":4,"column":37}}},"fnMap":{},"branchMap":{},"s":{"0":1},"f":{},"b":{},"_coverageSchema":"1a1c01bbd47fc00a2c39e90264f33305004495a9","hash":"3d7b1a200cf8381e639123021ecef72c106fd70e"}
,"D:\\source\\Globant\\src\\consts\\platforms.ts": {"path":"D:\\source\\Globant\\src\\consts\\platforms.ts","statementMap":{"0":{"start":{"line":4,"column":19},"end":{"line":4,"column":24}},"1":{"start":{"line":5,"column":23},"end":{"line":5,"column":32}}},"fnMap":{},"branchMap":{},"s":{"0":1,"1":1},"f":{},"b":{},"_coverageSchema":"1a1c01bbd47fc00a2c39e90264f33305004495a9","hash":"b3906c4d7a9474089a2619d6742f80501aa7c81a"}
}
