TN:
SF:src\Tabs\HomeTab\HomeTab.style.ts
FNF:0
FNH:0
DA:3,1
LF:1
LH:1
BRF:0
BRH:0
end_of_record
TN:
SF:src\Tabs\HomeTab\HomeTab.tsx
FN:28,(anonymous_0)
FN:53,(anonymous_1)
FN:85,(anonymous_2)
FN:98,(anonymous_3)
FN:99,(anonymous_4)
FN:127,(anonymous_5)
FN:154,(anonymous_6)
FNF:7
FNH:3
FNDA:4,(anonymous_0)
FNDA:0,(anonymous_1)
FNDA:0,(anonymous_2)
FNDA:0,(anonymous_3)
FNDA:0,(anonymous_4)
FNDA:3,(anonymous_5)
FNDA:1,(anonymous_6)
DA:28,1
DA:29,4
DA:32,4
DA:35,4
DA:37,4
DA:38,4
DA:40,4
DA:45,4
DA:46,4
DA:52,4
DA:54,0
DA:55,0
DA:56,0
DA:57,0
DA:58,0
DA:59,0
DA:60,0
DA:72,0
DA:74,0
DA:84,4
DA:86,0
DA:87,0
DA:88,0
DA:89,0
DA:90,0
DA:91,0
DA:92,0
DA:93,0
DA:96,0
DA:98,0
DA:99,0
DA:101,0
DA:103,0
DA:110,0
DA:116,0
DA:118,0
DA:127,4
DA:128,3
DA:129,3
DA:132,0
DA:134,0
DA:135,0
DA:138,0
DA:141,0
DA:142,0
DA:145,0
DA:148,0
DA:154,4
DA:155,1
DA:156,1
DA:157,1
DA:162,1
DA:163,1
DA:165,0
DA:172,4
LF:55
LH:21
BRDA:62,0,0,0
BRDA:62,0,1,0
BRDA:66,1,0,0
BRDA:66,1,1,0
BRDA:90,2,0,0
BRDA:90,2,1,0
BRDA:106,3,0,0
BRDA:106,3,1,0
BRDA:112,4,0,0
BRDA:112,4,1,0
BRDA:128,5,0,3
BRDA:128,5,1,0
BRDA:128,6,0,3
BRDA:128,6,1,0
BRDA:134,7,0,0
BRDA:134,7,1,0
BRDA:141,8,0,0
BRDA:141,8,1,0
BRDA:176,9,0,4
BRDA:176,9,1,0
BRDA:178,10,0,0
BRDA:178,10,1,0
BRDA:187,11,0,0
BRDA:187,11,1,0
BRF:24
BRH:3
end_of_record
TN:
SF:src\Tabs\ImagesTab\ImagesTab.style.ts
FNF:0
FNH:0
DA:3,1
LF:1
LH:1
BRF:0
BRH:0
end_of_record
TN:
SF:src\Tabs\ImagesTab\ImagesTab.tsx
FN:12,(anonymous_0)
FN:16,(anonymous_1)
FN:26,(anonymous_2)
FN:27,(anonymous_3)
FNF:4
FNH:1
FNDA:2,(anonymous_0)
FNDA:0,(anonymous_1)
FNDA:0,(anonymous_2)
FNDA:0,(anonymous_3)
DA:12,1
DA:13,2
DA:14,2
DA:16,2
DA:17,0
DA:20,2
DA:26,0
DA:28,0
LF:8
LH:5
BRDA:14,0,0,2
BRDA:14,0,1,2
BRF:2
BRH:2
end_of_record
TN:
SF:src\Tabs\SheetsTab\SheetsTab.style.ts
FNF:0
FNH:0
DA:3,1
LF:1
LH:1
BRF:0
BRH:0
end_of_record
TN:
SF:src\Tabs\SheetsTab\SheetsTab.tsx
FN:12,(anonymous_0)
FN:16,(anonymous_1)
FN:29,(anonymous_2)
FN:30,(anonymous_3)
FNF:4
FNH:1
FNDA:2,(anonymous_0)
FNDA:0,(anonymous_1)
FNDA:0,(anonymous_2)
FNDA:0,(anonymous_3)
DA:12,1
DA:13,2
DA:14,2
DA:16,2
DA:17,0
DA:20,2
DA:29,0
DA:31,0
LF:8
LH:5
BRDA:14,0,0,2
BRDA:14,0,1,2
BRF:2
BRH:2
end_of_record
TN:
SF:src\components\Layer\Layer.style.ts
FNF:0
FNH:0
DA:3,4
LF:1
LH:1
BRF:0
BRH:0
end_of_record
TN:
SF:src\components\Layer\Layer.tsx
FN:19,(anonymous_0)
FNF:1
FNH:1
FNDA:10,(anonymous_0)
DA:19,4
DA:20,10
LF:2
LH:2
BRF:0
BRH:0
end_of_record
TN:
SF:src\consts\keyboard.ts
FNF:0
FNH:0
DA:4,4
LF:1
LH:1
BRF:0
BRH:0
end_of_record
TN:
SF:src\consts\platforms.ts
FNF:0
FNH:0
DA:4,4
DA:5,4
LF:2
LH:2
BRF:0
BRH:0
end_of_record
TN:
SF:src\consts\storage.ts
FNF:0
FNH:0
DA:1,3
DA:15,3
DA:24,3
DA:26,3
DA:27,3
DA:29,3
DA:30,3
DA:32,3
DA:34,3
DA:35,3
DA:37,3
DA:39,3
LF:12
LH:12
BRF:0
BRH:0
end_of_record
TN:
SF:src\utils\csvDelimiter.ts
FN:1,(anonymous_0)
FNF:1
FNH:1
FNDA:5,(anonymous_0)
DA:1,2
DA:2,5
DA:4,5
DA:5,10
DA:6,4
DA:10,1
LF:6
LH:6
BRDA:5,0,0,4
BRDA:5,0,1,6
BRF:2
BRH:2
end_of_record
TN:
SF:src\utils\imageSize.ts
FN:5,(anonymous_0)
FN:6,(anonymous_1)
FN:9,(anonymous_2)
FN:17,(anonymous_3)
FNF:4
FNH:3
FNDA:1,(anonymous_0)
FNDA:1,(anonymous_1)
FNDA:1,(anonymous_2)
FNDA:0,(anonymous_3)
DA:3,2
DA:5,2
DA:6,1
DA:7,1
DA:10,1
DA:11,1
DA:12,1
DA:18,0
DA:19,0
LF:9
LH:7
BRDA:11,0,0,0
BRDA:11,0,1,1
BRF:2
BRH:1
end_of_record
