TN:
SF:src\Tabs\HomeTab\HomeTab.style.ts
FNF:0
FNH:0
DA:3,1
LF:1
LH:1
BRF:0
BRH:0
end_of_record
TN:
SF:src\Tabs\HomeTab\HomeTab.tsx
FN:29,(anonymous_0)
FN:54,(anonymous_1)
FN:86,(anonymous_2)
FN:99,(anonymous_3)
FN:100,(anonymous_4)
FN:126,(anonymous_5)
FN:152,(anonymous_6)
FNF:7
FNH:3
FNDA:4,(anonymous_0)
FNDA:0,(anonymous_1)
FNDA:0,(anonymous_2)
FNDA:0,(anonymous_3)
FNDA:0,(anonymous_4)
FNDA:3,(anonymous_5)
FNDA:1,(anonymous_6)
DA:29,1
DA:30,4
DA:33,4
DA:36,4
DA:38,4
DA:39,4
DA:41,4
DA:46,4
DA:47,4
DA:53,4
DA:55,0
DA:56,0
DA:57,0
DA:58,0
DA:59,0
DA:60,0
DA:61,0
DA:73,0
DA:75,0
DA:85,4
DA:87,0
DA:88,0
DA:89,0
DA:90,0
DA:91,0
DA:92,0
DA:93,0
DA:94,0
DA:97,0
DA:99,0
DA:100,0
DA:102,0
DA:104,0
DA:115,0
DA:117,0
DA:126,4
DA:127,3
DA:128,3
DA:131,0
DA:134,0
DA:136,0
DA:137,0
DA:138,0
DA:141,0
DA:142,0
DA:143,0
DA:146,0
DA:152,4
DA:153,1
DA:154,1
DA:155,1
DA:156,1
DA:157,1
DA:159,0
DA:166,4
LF:55
LH:21
BRDA:63,0,0,0
BRDA:63,0,1,0
BRDA:67,1,0,0
BRDA:67,1,1,0
BRDA:91,2,0,0
BRDA:91,2,1,0
BRDA:106,3,0,0
BRDA:106,3,1,0
BRDA:110,4,0,0
BRDA:110,4,1,0
BRDA:127,5,0,3
BRDA:127,5,1,0
BRDA:127,6,0,3
BRDA:127,6,1,0
BRDA:136,7,0,0
BRDA:136,7,1,0
BRDA:141,8,0,0
BRDA:141,8,1,0
BRDA:170,9,0,4
BRDA:170,9,1,0
BRDA:172,10,0,0
BRDA:172,10,1,0
BRDA:181,11,0,0
BRDA:181,11,1,0
BRF:24
BRH:3
end_of_record
TN:
SF:src\Tabs\ImagesTab\ImagesTab.style.ts
FNF:0
FNH:0
DA:3,1
LF:1
LH:1
BRF:0
BRH:0
end_of_record
TN:
SF:src\Tabs\ImagesTab\ImagesTab.tsx
FN:9,(anonymous_0)
FN:13,(anonymous_1)
FNF:2
FNH:1
FNDA:2,(anonymous_0)
FNDA:0,(anonymous_1)
DA:9,1
DA:10,2
DA:11,2
DA:13,2
DA:14,0
DA:17,2
LF:6
LH:5
BRDA:11,0,0,2
BRDA:11,0,1,2
BRF:2
BRH:2
end_of_record
TN:
SF:src\Tabs\SheetsTab\SheetsTab.tsx
FN:8,(anonymous_0)
FN:12,(anonymous_1)
FNF:2
FNH:1
FNDA:2,(anonymous_0)
FNDA:0,(anonymous_1)
DA:8,1
DA:9,2
DA:10,2
DA:12,2
DA:13,0
DA:16,2
LF:6
LH:5
BRDA:10,0,0,2
BRDA:10,0,1,2
BRF:2
BRH:2
end_of_record
TN:
SF:src\components\Gallery\Gallery.style.ts
FNF:0
FNH:0
DA:3,2
LF:1
LH:1
BRF:0
BRH:0
end_of_record
TN:
SF:src\components\Gallery\Gallery.tsx
FN:10,(anonymous_0)
FN:14,(anonymous_1)
FN:15,(anonymous_2)
FNF:3
FNH:3
FNDA:4,(anonymous_0)
FNDA:2,(anonymous_1)
FNDA:2,(anonymous_2)
DA:10,2
DA:11,4
DA:14,2
DA:16,2
LF:4
LH:4
BRF:0
BRH:0
end_of_record
TN:
SF:src\components\Layer\Layer.style.ts
FNF:0
FNH:0
DA:3,4
LF:1
LH:1
BRF:0
BRH:0
end_of_record
TN:
SF:src\components\Layer\Layer.tsx
FN:19,(anonymous_0)
FNF:1
FNH:1
FNDA:10,(anonymous_0)
DA:19,4
DA:20,10
LF:2
LH:2
BRF:0
BRH:0
end_of_record
TN:
SF:src\components\SheetGrid\SheetGrid.style.ts
FNF:0
FNH:0
DA:3,2
LF:1
LH:1
BRF:0
BRH:0
end_of_record
TN:
SF:src\components\SheetGrid\SheetGrid.tsx
FN:10,(anonymous_0)
FN:19,(anonymous_1)
FN:20,(anonymous_2)
FNF:3
FNH:3
FNDA:4,(anonymous_0)
FNDA:2,(anonymous_1)
FNDA:2,(anonymous_2)
DA:10,2
DA:11,4
DA:19,2
DA:21,2
LF:4
LH:4
BRF:0
BRH:0
end_of_record
TN:
SF:src\consts\keyboard.ts
FNF:0
FNH:0
DA:4,4
LF:1
LH:1
BRF:0
BRH:0
end_of_record
TN:
SF:src\consts\platforms.ts
FNF:0
FNH:0
DA:4,4
DA:5,4
LF:2
LH:2
BRF:0
BRH:0
end_of_record
TN:
SF:src\consts\storage.ts
FNF:0
FNH:0
DA:4,3
DA:18,3
DA:27,3
DA:29,3
DA:30,3
DA:32,3
DA:38,3
DA:39,3
DA:41,3
DA:43,3
DA:44,3
DA:46,3
DA:48,3
LF:13
LH:13
BRF:0
BRH:0
end_of_record
TN:
SF:src\utils\csvDelimiter.ts
FN:1,(anonymous_0)
FNF:1
FNH:1
FNDA:5,(anonymous_0)
DA:1,2
DA:2,5
DA:4,5
DA:5,10
DA:6,4
DA:10,1
LF:6
LH:6
BRDA:5,0,0,4
BRDA:5,0,1,6
BRF:2
BRH:2
end_of_record
TN:
SF:src\utils\imageSize.ts
FN:5,(anonymous_0)
FN:6,(anonymous_1)
FN:9,(anonymous_2)
FN:17,(anonymous_3)
FNF:4
FNH:3
FNDA:1,(anonymous_0)
FNDA:1,(anonymous_1)
FNDA:1,(anonymous_2)
FNDA:0,(anonymous_3)
DA:3,2
DA:5,2
DA:6,1
DA:7,1
DA:10,1
DA:11,1
DA:12,1
DA:18,0
DA:19,0
LF:9
LH:7
BRDA:11,0,0,0
BRDA:11,0,1,1
BRF:2
BRH:1
end_of_record
